\BOOKMARK [1][-]{section.1}{\376\377\000E\000x\000e\000c\000u\000t\000i\000v\000e\000\040\000S\000u\000m\000m\000a\000r\000y}{}% 1
\BOOKMARK [1][-]{section.2}{\376\377\000P\000r\000o\000j\000e\000c\000t\000\040\000S\000t\000r\000u\000c\000t\000u\000r\000e}{}% 2
\BOOKMARK [1][-]{section.3}{\376\377\000D\000a\000t\000a\000b\000a\000s\000e\000\040\000A\000r\000c\000h\000i\000t\000e\000c\000t\000u\000r\000e}{}% 3
\BOOKMARK [2][-]{subsection.3.1}{\376\377\000S\000c\000h\000e\000m\000a\000\040\000O\000v\000e\000r\000v\000i\000e\000w\000\040\040\024\000\040\0001\0006\000\040\000T\000a\000b\000l\000e\000s}{section.3}% 4
\BOOKMARK [2][-]{subsection.3.2}{\376\377\000S\000Q\000L\000i\000t\000e\000\040\000D\000e\000s\000i\000g\000n\000\040\000D\000e\000c\000i\000s\000i\000o\000n}{section.3}% 5
\BOOKMARK [2][-]{subsection.3.3}{\376\377\000J\000S\000O\000N\000\040\000A\000r\000r\000a\000y\000\040\000W\000o\000r\000k\000a\000r\000o\000u\000n\000d}{section.3}% 6
\BOOKMARK [1][-]{section.4}{\376\377\000D\000a\000t\000a\000\040\000F\000l\000o\000w\000\040\000A\000r\000c\000h\000i\000t\000e\000c\000t\000u\000r\000e}{}% 7
\BOOKMARK [2][-]{subsection.4.1}{\376\377\000C\000o\000m\000p\000l\000e\000t\000e\000\040\000R\000e\000q\000u\000e\000s\000t\000\040\000L\000i\000f\000e\000c\000y\000c\000l\000e}{section.4}% 8
\BOOKMARK [2][-]{subsection.4.2}{\376\377\000T\000w\000o\000\040\000D\000a\000t\000a\000\040\000P\000a\000t\000h\000s}{section.4}% 9
\BOOKMARK [2][-]{subsection.4.3}{\376\377\000P\000r\000i\000s\000m\000a\000C\000l\000i\000e\000n\000t\000\040\000S\000i\000n\000g\000l\000e\000t\000o\000n}{section.4}% 10
\BOOKMARK [1][-]{section.5}{\376\377\000A\000P\000I\000\040\000R\000o\000u\000t\000e\000s\000\040\040\024\000\040\000C\000o\000m\000p\000l\000e\000t\000e\000\040\000R\000e\000f\000e\000r\000e\000n\000c\000e}{}% 11
\BOOKMARK [2][-]{subsection.5.1}{\376\377\000R\000o\000u\000t\000e\000\040\000I\000n\000v\000e\000n\000t\000o\000r\000y}{section.5}% 12
\BOOKMARK [2][-]{subsection.5.2}{\376\377\000E\000x\000a\000m\000p\000l\000e\000:\000\040\000N\000e\000w\000s\000\040\000A\000P\000I\000\040\000I\000m\000p\000l\000e\000m\000e\000n\000t\000a\000t\000i\000o\000n}{section.5}% 13
\BOOKMARK [1][-]{section.6}{\376\377\000F\000r\000o\000n\000t\000e\000n\000d\000\040\000A\000r\000c\000h\000i\000t\000e\000c\000t\000u\000r\000e}{}% 14
\BOOKMARK [2][-]{subsection.6.1}{\376\377\000C\000o\000m\000p\000o\000n\000e\000n\000t\000\040\000H\000i\000e\000r\000a\000r\000c\000h\000y}{section.6}% 15
\BOOKMARK [2][-]{subsection.6.2}{\376\377\000T\000a\000b\000\040\000C\000o\000m\000p\000o\000n\000e\000n\000t\000s\000\040\040\024\000\040\000C\000o\000m\000m\000o\000n\000\040\000P\000a\000t\000t\000e\000r\000n}{section.6}% 16
\BOOKMARK [2][-]{subsection.6.3}{\376\377\000K\000P\000I\000\040\000S\000t\000r\000i\000p\000\040\040\024\000\040\000S\000e\000r\000v\000e\000r\000\040\000C\000o\000m\000p\000o\000n\000e\000n\000t\000\040\000E\000x\000c\000e\000p\000t\000i\000o\000n}{section.6}% 17
\BOOKMARK [2][-]{subsection.6.4}{\376\377\000G\000O\000V\000\040\000A\000d\000v\000i\000s\000o\000r\000y\000\040\040\024\000\040\000L\000a\000r\000g\000e\000s\000t\000\040\000C\000o\000m\000p\000o\000n\000e\000n\000t}{section.6}% 18
\BOOKMARK [1][-]{section.7}{\376\377\000A\000u\000t\000h\000e\000n\000t\000i\000c\000a\000t\000i\000o\000n\000\040\000S\000y\000s\000t\000e\000m}{}% 19
\BOOKMARK [2][-]{subsection.7.1}{\376\377\000N\000e\000x\000t\000A\000u\000t\000h\000.\000j\000s\000\040\000C\000o\000n\000f\000i\000g\000u\000r\000a\000t\000i\000o\000n}{section.7}% 20
\BOOKMARK [2][-]{subsection.7.2}{\376\377\000D\000e\000f\000a\000u\000l\000t\000\040\000A\000d\000m\000i\000n\000\040\000C\000r\000e\000d\000e\000n\000t\000i\000a\000l\000s}{section.7}% 21
\BOOKMARK [1][-]{section.8}{\376\377\000N\000e\000w\000s\000\040\000I\000n\000g\000e\000s\000t\000i\000o\000n\000\040\000P\000i\000p\000e\000l\000i\000n\000e}{}% 22
\BOOKMARK [2][-]{subsection.8.1}{\376\377\000P\000i\000p\000e\000l\000i\000n\000e\000\040\000A\000r\000c\000h\000i\000t\000e\000c\000t\000u\000r\000e}{section.8}% 23
\BOOKMARK [2][-]{subsection.8.2}{\376\377\000C\000o\000n\000f\000i\000g\000u\000r\000e\000d\000\040\000N\000e\000w\000s\000\040\000S\000o\000u\000r\000c\000e\000s}{section.8}% 24
\BOOKMARK [1][-]{section.9}{\376\377\000E\000x\000p\000o\000r\000t\000\040\000S\000y\000s\000t\000e\000m}{}% 25
\BOOKMARK [2][-]{subsection.9.1}{\376\377\000J\000S\000O\000N\000/\000C\000S\000V\000\040\000E\000x\000p\000o\000r\000t}{section.9}% 26
\BOOKMARK [2][-]{subsection.9.2}{\376\377\000P\000D\000F\000\040\000E\000x\000p\000o\000r\000t\000\040\000w\000i\000t\000h\000\040\000G\000o\000v\000e\000r\000n\000m\000e\000n\000t\000\040\000F\000o\000r\000m\000a\000t\000t\000i\000n\000g}{section.9}% 27
\BOOKMARK [1][-]{section.10}{\376\377\000A\000I\000\040\000B\000r\000i\000e\000f\000\040\000I\000n\000t\000e\000g\000r\000a\000t\000i\000o\000n}{}% 28
\BOOKMARK [2][-]{subsection.10.1}{\376\377\000C\000l\000a\000u\000d\000e\000\040\000I\000n\000t\000e\000g\000r\000a\000t\000i\000o\000n\000\040\000F\000l\000o\000w}{section.10}% 29
\BOOKMARK [2][-]{subsection.10.2}{\376\377\000M\000o\000d\000e\000l\000\040\000C\000o\000n\000f\000i\000g\000u\000r\000a\000t\000i\000o\000n}{section.10}% 30
\BOOKMARK [1][-]{section.11}{\376\377\000A\000d\000m\000i\000n\000\040\000P\000a\000n\000e\000l}{}% 31
\BOOKMARK [2][-]{subsection.11.1}{\376\377\000P\000a\000g\000e\000\040\000I\000n\000v\000e\000n\000t\000o\000r\000y\000\040\040\024\000\040\0001\0005\000\040\000P\000a\000g\000e\000s}{section.11}% 32
\BOOKMARK [2][-]{subsection.11.2}{\376\377\000S\000e\000r\000v\000e\000r\000\040\000v\000s\000\040\000C\000l\000i\000e\000n\000t\000\040\000C\000o\000m\000p\000o\000n\000e\000n\000t\000s\000\040\000i\000n\000\040\000A\000d\000m\000i\000n}{section.11}% 33
\BOOKMARK [1][-]{section.12}{\376\377\000P\000R\000D\000\040\000D\000e\000v\000i\000a\000t\000i\000o\000n\000s\000\040\040\024\000\040\000C\000o\000m\000p\000l\000e\000t\000e\000\040\000L\000o\000g}{}% 34
\BOOKMARK [2][-]{subsection.12.1}{\376\377\000D\000a\000t\000a\000b\000a\000s\000e\000:\000\040\000P\000o\000s\000t\000g\000r\000e\000S\000Q\000L\000\040\041\222\000\040\000S\000Q\000L\000i\000t\000e}{section.12}% 35
\BOOKMARK [2][-]{subsection.12.2}{\376\377\000A\000r\000r\000a\000y\000\040\000F\000i\000e\000l\000d\000s\000\040\041\222\000\040\000J\000S\000O\000N\000\040\000S\000t\000r\000i\000n\000g\000s}{section.12}% 36
\BOOKMARK [2][-]{subsection.12.3}{\376\377\000A\000u\000t\000h\000e\000n\000t\000i\000c\000a\000t\000i\000o\000n\000\040\000S\000i\000m\000p\000l\000i\000f\000i\000c\000a\000t\000i\000o\000n}{section.12}% 37
\BOOKMARK [2][-]{subsection.12.4}{\376\377\000N\000e\000w\000s\000\040\000I\000n\000g\000e\000s\000t\000i\000o\000n\000\040\000P\000i\000p\000e\000l\000i\000n\000e}{section.12}% 38
\BOOKMARK [2][-]{subsection.12.5}{\376\377\000A\000I\000\040\000B\000r\000i\000e\000f\000\040\040\024\000\040\000M\000o\000d\000e\000l\000\040\000C\000h\000o\000i\000c\000e}{section.12}% 39
\BOOKMARK [2][-]{subsection.12.6}{\376\377\000E\000x\000p\000o\000r\000t\000\040\000F\000u\000n\000c\000t\000i\000o\000n\000a\000l\000i\000t\000y}{section.12}% 40
\BOOKMARK [2][-]{subsection.12.7}{\376\377\000A\000l\000e\000r\000t\000\040\000S\000y\000s\000t\000e\000m}{section.12}% 41
\BOOKMARK [2][-]{subsection.12.8}{\376\377\000A\000d\000m\000i\000n\000\040\000P\000a\000n\000e\000l\000\040\040\024\000\040\000C\000R\000U\000D\000\040\000O\000p\000e\000r\000a\000t\000i\000o\000n\000s}{section.12}% 42
\BOOKMARK [2][-]{subsection.12.9}{\376\377\000R\000o\000l\000e\000-\000B\000a\000s\000e\000d\000\040\000A\000c\000c\000e\000s\000s\000\040\000C\000o\000n\000t\000r\000o\000l}{section.12}% 43
\BOOKMARK [2][-]{subsection.12.10}{\376\377\000T\000e\000s\000t\000i\000n\000g}{section.12}% 44
\BOOKMARK [2][-]{subsection.12.11}{\376\377\000D\000o\000c\000k\000e\000r\000\040\000/\000\040\000D\000e\000p\000l\000o\000y\000m\000e\000n\000t}{section.12}% 45
\BOOKMARK [1][-]{section.13}{\376\377\000S\000e\000e\000d\000\040\000D\000a\000t\000a\000\040\040\024\000\040\000C\000o\000m\000p\000l\000e\000t\000e\000\040\000I\000n\000v\000e\000n\000t\000o\000r\000y}{}% 46
\BOOKMARK [2][-]{subsection.13.1}{\376\377\000A\000l\000l\000\040\000S\000e\000e\000d\000e\000d\000\040\000T\000a\000b\000l\000e\000s\000\040\000w\000i\000t\000h\000\040\000S\000o\000u\000r\000c\000e\000s}{section.13}% 47
\BOOKMARK [1][-]{section.14}{\376\377\000S\000e\000t\000u\000p\000\040\000\046\000\040\000D\000e\000p\000l\000o\000y\000m\000e\000n\000t\000\040\000G\000u\000i\000d\000e}{}% 48
\BOOKMARK [2][-]{subsection.14.1}{\376\377\000Q\000u\000i\000c\000k\000\040\000S\000t\000a\000r\000t\000\040\000\050\000D\000e\000v\000e\000l\000o\000p\000m\000e\000n\000t\000\051}{section.14}% 49
\BOOKMARK [2][-]{subsection.14.2}{\376\377\000P\000r\000o\000d\000u\000c\000t\000i\000o\000n\000\040\000B\000u\000i\000l\000d}{section.14}% 50
\BOOKMARK [2][-]{subsection.14.3}{\376\377\000E\000n\000v\000i\000r\000o\000n\000m\000e\000n\000t\000\040\000V\000a\000r\000i\000a\000b\000l\000e\000s}{section.14}% 51
\BOOKMARK [2][-]{subsection.14.4}{\376\377\000P\000o\000s\000t\000g\000r\000e\000S\000Q\000L\000\040\000M\000i\000g\000r\000a\000t\000i\000o\000n}{section.14}% 52
\BOOKMARK [1][-]{section.15}{\376\377\000B\000u\000i\000l\000d\000\040\000V\000e\000r\000i\000f\000i\000c\000a\000t\000i\000o\000n}{}% 53
\BOOKMARK [2][-]{subsection.15.1}{\376\377\000F\000i\000n\000a\000l\000\040\000B\000u\000i\000l\000d\000\040\000O\000u\000t\000p\000u\000t}{section.15}% 54
\BOOKMARK [1][-]{section.16}{\376\377\000K\000e\000y\000\040\000U\000t\000i\000l\000i\000t\000i\000e\000s}{}% 55
\BOOKMARK [2][-]{subsection.16.1}{\376\377\000H\000e\000l\000p\000e\000r\000\040\000F\000u\000n\000c\000t\000i\000o\000n\000s\000\040\000\050\000s\000r\000c\000/\000l\000i\000b\000/\000u\000t\000i\000l\000s\000.\000t\000s\000\051}{section.16}% 56
\BOOKMARK [2][-]{subsection.16.2}{\376\377\000N\000P\000M\000\040\000S\000c\000r\000i\000p\000t\000s}{section.16}% 57
\BOOKMARK [1][-]{section.17}{\376\377\000C\000o\000n\000c\000l\000u\000s\000i\000o\000n}{}% 58
